Using pre-set license
Built from '2020.3/staging' branch; Version is '2020.3.6f1 (338bb68529b2) revision 3378102'; Using compiler version '192528614'; Build Type 'Release'
OS: 'Windows 10 Home; OS build 19041.1083; Version 2004; 64bit' Language: 'en' Physical Memory: 16125 MB
BatchMode: 1, IsHumanControllingUs: 0, StartBugReporterOnCrash: 0, Is64bit: 1, IsPro: 0

 COMMAND LINE ARGUMENTS:
D:\Apps\Unity\2020.3.6f1\Editor\Unity.exe
-adb2
-batchMode
-noUpm
-name
AssetImportWorker0
-projectPath
D:/Unity Projects/Side scroller tutorial
-logFile
Logs/AssetImportWorker0.log
-srvPort
52004
Successfully changed project path to: D:/Unity Projects/Side scroller tutorial
D:/Unity Projects/Side scroller tutorial
Using Asset Import Pipeline V2.
Refreshing native plugins compatible for Editor in 32.98 ms, found 1 plugins.
Preloading 0 native plugins for Editor in 0.00 ms.
Initialize engine version: 2020.3.6f1 (338bb68529b2)
[Subsystems] Discovering subsystems at path D:/Apps/Unity/2020.3.6f1/Editor/Data/Resources/UnitySubsystems
[Subsystems] Discovering subsystems at path D:/Unity Projects/Side scroller tutorial/Assets
GfxDevice: creating device client; threaded=0
Direct3D:
    Version:  Direct3D 11.0 [level 11.1]
    Renderer: NVIDIA GeForce GTX 1660 SUPER (ID=0x21c4)
    Vendor:   
    VRAM:     5991 MB
    Driver:   27.21.14.5785
Initialize mono
Mono path[0] = 'D:/Apps/Unity/2020.3.6f1/Editor/Data/Managed'
Mono path[1] = 'D:/Apps/Unity/2020.3.6f1/Editor/Data/MonoBleedingEdge/lib/mono/unityjit'
Mono config path = 'D:/Apps/Unity/2020.3.6f1/Editor/Data/MonoBleedingEdge/etc'
Using monoOptions --debugger-agent=transport=dt_socket,embedding=1,server=y,suspend=n,address=127.0.0.1:56916
Begin MonoManager ReloadAssembly
Registering precompiled unity dll's ...
Register platform support module: D:/Apps/Unity/2020.3.6f1/Editor/Data/PlaybackEngines/WebGLSupport/UnityEditor.WebGL.Extensions.dll
Register platform support module: D:/Apps/Unity/2020.3.6f1/Editor/Data/PlaybackEngines/MacStandaloneSupport/UnityEditor.OSXStandalone.Extensions.dll
Register platform support module: D:/Apps/Unity/2020.3.6f1/Editor/Data/PlaybackEngines/WindowsStandaloneSupport/UnityEditor.WindowsStandalone.Extensions.dll
Registered in 0.001337 seconds.
Native extension for WindowsStandalone target not found
Native extension for OSXStandalone target not found
Native extension for WebGL target not found
Refreshing native plugins compatible for Editor in 30.96 ms, found 1 plugins.
Preloading 0 native plugins for Editor in 0.00 ms.
Mono: successfully reloaded assembly
- Completed reload, in  1.817 seconds
Platform modules already initialized, skipping
Registering precompiled user dll's ...
Registered in 0.000662 seconds.
Begin MonoManager ReloadAssembly
Native extension for WindowsStandalone target not found
Native extension for OSXStandalone target not found
Native extension for WebGL target not found
Refreshing native plugins compatible for Editor in 31.13 ms, found 1 plugins.
Preloading 0 native plugins for Editor in 0.00 ms.
Mono: successfully reloaded assembly
- Completed reload, in  0.795 seconds
Platform modules already initialized, skipping
========================================================================
Worker process is ready to serve import requests
Launched and connected shader compiler UnityShaderCompiler.exe after 0.03 seconds
Refreshing native plugins compatible for Editor in 0.31 ms, found 1 plugins.
Preloading 0 native plugins for Editor in 0.00 ms.
Unloading 1835 Unused Serialized files (Serialized files now loaded: 0)
System memory in use before: 87.4 MB.
System memory in use after: 87.4 MB.

Unloading 19 unused Assets to reduce memory usage. Loaded Objects now: 2283.
Total: 1.850400 ms (FindLiveObjects: 0.246700 ms CreateObjectMapping: 0.095400 ms MarkObjects: 1.452200 ms  DeleteObjects: 0.055400 ms)

========================================================================
Received Import Request.
  path: Assets/Scenes/CompletedScene.unity
  artifactKey: Guid(afc0737afa411ac41b070b86b930071c) Importer(815301076,1909f56bfc062723c751e8b465ee728b)
Start importing Assets/Scenes/CompletedScene.unity using Guid(afc0737afa411ac41b070b86b930071c) Importer(815301076,1909f56bfc062723c751e8b465ee728b)  -> (artifact id: '1f25a8b601d0cd56606ca0b7e66eb4e7') in 0.014516 seconds
  Import took 0.017015 seconds .

========================================================================
Received Import Request.
  Time since last request: 13.223816 seconds.
  path: Assets/Prefabs/asteroid-small.prefab
  artifactKey: Guid(3477afb8aafd1324aab3e788df9f1cae) Importer(815301076,1909f56bfc062723c751e8b465ee728b)
Start importing Assets/Prefabs/asteroid-small.prefab using Guid(3477afb8aafd1324aab3e788df9f1cae) Importer(815301076,1909f56bfc062723c751e8b465ee728b)  -> (artifact id: 'd5b67c1b560d4be0ec18874c7cc27e78') in 0.086689 seconds
  Import took 0.089328 seconds .

========================================================================
Received Import Request.
  Time since last request: 0.000168 seconds.
  path: Assets/Prefabs/Laser.prefab
  artifactKey: Guid(63ea5bf8a2f6dfa4c82c1b05fc50ab2d) Importer(815301076,1909f56bfc062723c751e8b465ee728b)
Start importing Assets/Prefabs/Laser.prefab using Guid(63ea5bf8a2f6dfa4c82c1b05fc50ab2d) Importer(815301076,1909f56bfc062723c751e8b465ee728b)  -> (artifact id: '2bfa82ff38802fda2b9df6d1c7152999') in 0.010423 seconds
  Import took 0.012862 seconds .

========================================================================
Received Import Request.
  Time since last request: 0.000226 seconds.
  path: Assets/Prefabs/ScoreManager.prefab
  artifactKey: Guid(dd2412452a4a16346a2e278095c92fb8) Importer(815301076,1909f56bfc062723c751e8b465ee728b)
Start importing Assets/Prefabs/ScoreManager.prefab using Guid(dd2412452a4a16346a2e278095c92fb8) Importer(815301076,1909f56bfc062723c751e8b465ee728b)  -> (artifact id: 'b78b6279524e4607d33e31bc18b43932') in 0.002585 seconds
  Import took 0.004928 seconds .

========================================================================
Received Import Request.
  Time since last request: 0.000189 seconds.
  path: Assets/Prefabs/AsteroidSpawner.prefab
  artifactKey: Guid(da5ea5ea21dd89a43b539efd86ec0a52) Importer(815301076,1909f56bfc062723c751e8b465ee728b)
Start importing Assets/Prefabs/AsteroidSpawner.prefab using Guid(da5ea5ea21dd89a43b539efd86ec0a52) Importer(815301076,1909f56bfc062723c751e8b465ee728b)  -> (artifact id: '5577d831fd44fac7f0383e155a5cc93f') in 0.008895 seconds
  Import took 0.012059 seconds .

========================================================================
Received Import Request.
  Time since last request: 0.000176 seconds.
  path: Assets/Prefabs/asteroid.prefab
  artifactKey: Guid(d778ef8959184b647badea33b0cf4c4e) Importer(815301076,1909f56bfc062723c751e8b465ee728b)
Start importing Assets/Prefabs/asteroid.prefab using Guid(d778ef8959184b647badea33b0cf4c4e) Importer(815301076,1909f56bfc062723c751e8b465ee728b)  -> (artifact id: '14d8220e74cd18a3cc4c6bd3fa3aef26') in 0.012196 seconds
  Import took 0.014804 seconds .

========================================================================
Received Import Request.
  Time since last request: 0.000193 seconds.
  path: Assets/Prefabs/Player.prefab
  artifactKey: Guid(36042836f6e04b54a86632751c970762) Importer(815301076,1909f56bfc062723c751e8b465ee728b)
Start importing Assets/Prefabs/Player.prefab using Guid(36042836f6e04b54a86632751c970762) Importer(815301076,1909f56bfc062723c751e8b465ee728b)  -> (artifact id: '84f4541203163749980e1658c9a52ee9') in 0.018621 seconds
  Import took 0.021383 seconds .

========================================================================
Received Import Request.
  Time since last request: 0.000202 seconds.
  path: Assets/Prefabs/AsteroidSpawner.prefab
  artifactKey: Guid(da5ea5ea21dd89a43b539efd86ec0a52) Importer(815301076,1909f56bfc062723c751e8b465ee728b)
Start importing Assets/Prefabs/AsteroidSpawner.prefab using Guid(da5ea5ea21dd89a43b539efd86ec0a52) Importer(815301076,1909f56bfc062723c751e8b465ee728b)  -> (artifact id: '5577d831fd44fac7f0383e155a5cc93f') in 0.004099 seconds
  Import took 0.006683 seconds .

========================================================================
Received Import Request.
  Time since last request: 0.000211 seconds.
  path: Assets/Prefabs/Main Camera.prefab
  artifactKey: Guid(3baceb9c67aac5347a2d0c6a63659f3e) Importer(815301076,1909f56bfc062723c751e8b465ee728b)
Start importing Assets/Prefabs/Main Camera.prefab using Guid(3baceb9c67aac5347a2d0c6a63659f3e) Importer(815301076,1909f56bfc062723c751e8b465ee728b)  -> (artifact id: '887939b894187320b3e3596f89ad03db') in 0.007422 seconds
  Import took 0.009906 seconds .

========================================================================
Received Import Request.
  Time since last request: 0.000163 seconds.
  path: Assets/Prefabs/Canvas.prefab
  artifactKey: Guid(a1f4e717f0a40dc4189718916b72a2ef) Importer(815301076,1909f56bfc062723c751e8b465ee728b)
Start importing Assets/Prefabs/Canvas.prefab using Guid(a1f4e717f0a40dc4189718916b72a2ef) Importer(815301076,1909f56bfc062723c751e8b465ee728b)  -> (artifact id: 'f8a790e5c6d6452cc444da07104d1068') in 0.037345 seconds
  Import took 0.039817 seconds .

========================================================================
Received Import Request.
  Time since last request: 0.000144 seconds.
  path: Assets/Prefabs/Background.prefab
  artifactKey: Guid(7486a94a8d1c1b34f986d0eadc19de69) Importer(815301076,1909f56bfc062723c751e8b465ee728b)
Start importing Assets/Prefabs/Background.prefab using Guid(7486a94a8d1c1b34f986d0eadc19de69) Importer(815301076,1909f56bfc062723c751e8b465ee728b)  -> (artifact id: 'eb07b691c8b421022d4be08f2a654837') in 0.013116 seconds
  Import took 0.015642 seconds .

========================================================================
Received Import Request.
  Time since last request: 0.000163 seconds.
  path: Assets/Prefabs/explosion.prefab
  artifactKey: Guid(181b5adc09e52684ab57f1b1d4295a5d) Importer(815301076,1909f56bfc062723c751e8b465ee728b)
Start importing Assets/Prefabs/explosion.prefab using Guid(181b5adc09e52684ab57f1b1d4295a5d) Importer(815301076,1909f56bfc062723c751e8b465ee728b)  -> (artifact id: '3ee9ac38be6024d103a49e644ac9e355') in 0.009153 seconds
  Import took 0.011611 seconds .

========================================================================
Received Import Request.
  Time since last request: 0.000129 seconds.
  path: Assets/Prefabs/asteroid-small.prefab
  artifactKey: Guid(3477afb8aafd1324aab3e788df9f1cae) Importer(815301076,1909f56bfc062723c751e8b465ee728b)
Start importing Assets/Prefabs/asteroid-small.prefab using Guid(3477afb8aafd1324aab3e788df9f1cae) Importer(815301076,1909f56bfc062723c751e8b465ee728b)  -> (artifact id: 'd5b67c1b560d4be0ec18874c7cc27e78') in 0.005603 seconds
  Import took 0.008126 seconds .

========================================================================
Received Prepare
Registering precompiled user dll's ...
Registered in 0.000727 seconds.
Begin MonoManager ReloadAssembly
Native extension for WindowsStandalone target not found
Native extension for OSXStandalone target not found
Native extension for WebGL target not found
Refreshing native plugins compatible for Editor in 0.31 ms, found 1 plugins.
Preloading 0 native plugins for Editor in 0.00 ms.
Mono: successfully reloaded assembly
- Completed reload, in  0.714 seconds
Platform modules already initialized, skipping
Refreshing native plugins compatible for Editor in 0.31 ms, found 1 plugins.
Preloading 0 native plugins for Editor in 0.00 ms.
Unloading 1812 Unused Serialized files (Serialized files now loaded: 0)
System memory in use before: 88.7 MB.
System memory in use after: 88.9 MB.

Unloading 9 unused Assets to reduce memory usage. Loaded Objects now: 2294.
Total: 2.326600 ms (FindLiveObjects: 0.397100 ms CreateObjectMapping: 0.188700 ms MarkObjects: 1.705500 ms  DeleteObjects: 0.034500 ms)

========================================================================
Received Prepare
Registering precompiled user dll's ...
Registered in 0.001309 seconds.
Begin MonoManager ReloadAssembly
Native extension for WindowsStandalone target not found
Native extension for OSXStandalone target not found
Native extension for WebGL target not found
Refreshing native plugins compatible for Editor in 0.36 ms, found 1 plugins.
Preloading 0 native plugins for Editor in 0.00 ms.
Mono: successfully reloaded assembly
- Completed reload, in  0.884 seconds
Platform modules already initialized, skipping
Refreshing native plugins compatible for Editor in 0.32 ms, found 1 plugins.
Preloading 0 native plugins for Editor in 0.00 ms.
Unloading 1812 Unused Serialized files (Serialized files now loaded: 0)
System memory in use before: 88.8 MB.
System memory in use after: 88.9 MB.

Unloading 7 unused Assets to reduce memory usage. Loaded Objects now: 2298.
Total: 1.985200 ms (FindLiveObjects: 0.304500 ms CreateObjectMapping: 0.086800 ms MarkObjects: 1.572900 ms  DeleteObjects: 0.019900 ms)

========================================================================
Received Import Request.
  Time since last request: 881.953114 seconds.
  path: Assets/Scripts/PlayerHealth.cs
  artifactKey: Guid(a7499bc25e581b341b706d25d6a3ce3b) Importer(815301076,1909f56bfc062723c751e8b465ee728b)
Start importing Assets/Scripts/PlayerHealth.cs using Guid(a7499bc25e581b341b706d25d6a3ce3b) Importer(815301076,1909f56bfc062723c751e8b465ee728b)  -> (artifact id: 'b3632cb15d449070221f5637b15e8ddb') in 0.011223 seconds
  Import took 0.015046 seconds .

========================================================================
Received Prepare
Registering precompiled user dll's ...
Registered in 0.000847 seconds.
Begin MonoManager ReloadAssembly
Native extension for WindowsStandalone target not found
Native extension for OSXStandalone target not found
Native extension for WebGL target not found
Refreshing native plugins compatible for Editor in 0.35 ms, found 1 plugins.
Preloading 0 native plugins for Editor in 0.00 ms.
Mono: successfully reloaded assembly
- Completed reload, in  0.860 seconds
Platform modules already initialized, skipping
Refreshing native plugins compatible for Editor in 0.95 ms, found 1 plugins.
Preloading 0 native plugins for Editor in 0.00 ms.
Unloading 1812 Unused Serialized files (Serialized files now loaded: 0)
System memory in use before: 88.8 MB.
System memory in use after: 88.9 MB.

Unloading 7 unused Assets to reduce memory usage. Loaded Objects now: 2302.
Total: 2.299000 ms (FindLiveObjects: 0.311500 ms CreateObjectMapping: 0.104200 ms MarkObjects: 1.865100 ms  DeleteObjects: 0.017100 ms)

========================================================================
Received Import Request.
  Time since last request: 34.562927 seconds.
  path: Assets/Scripts/Health.cs
  artifactKey: Guid(a7499bc25e581b341b706d25d6a3ce3b) Importer(815301076,1909f56bfc062723c751e8b465ee728b)
Start importing Assets/Scripts/Health.cs using Guid(a7499bc25e581b341b706d25d6a3ce3b) Importer(815301076,1909f56bfc062723c751e8b465ee728b)  -> (artifact id: '299410c2fe3d56c32aa5fad00c758334') in 0.012176 seconds
  Import took 0.016961 seconds .

========================================================================
Received Import Request.
  Time since last request: 99.103053 seconds.
  path: Assets/Scenes/CompletedScene.unity
  artifactKey: Guid(afc0737afa411ac41b070b86b930071c) Importer(815301076,1909f56bfc062723c751e8b465ee728b)
Start importing Assets/Scenes/CompletedScene.unity using Guid(afc0737afa411ac41b070b86b930071c) Importer(815301076,1909f56bfc062723c751e8b465ee728b)  -> (artifact id: 'a2a2b6a7b16b6a0deec2cefcfc93676f') in 0.010695 seconds
  Import took 0.015319 seconds .

========================================================================
Received Import Request.
  Time since last request: 0.001112 seconds.
  path: Assets/Scenes/CompletedScene.unity
  artifactKey: Guid(afc0737afa411ac41b070b86b930071c) Importer(815301076,1909f56bfc062723c751e8b465ee728b)
Start importing Assets/Scenes/CompletedScene.unity using Guid(afc0737afa411ac41b070b86b930071c) Importer(815301076,1909f56bfc062723c751e8b465ee728b)  -> (artifact id: 'a2a2b6a7b16b6a0deec2cefcfc93676f') in 0.001912 seconds
  Import took 0.004959 seconds .

========================================================================
Received Prepare
Registering precompiled user dll's ...
Registered in 0.000791 seconds.
Begin MonoManager ReloadAssembly
Native extension for WindowsStandalone target not found
Native extension for OSXStandalone target not found
Native extension for WebGL target not found
Refreshing native plugins compatible for Editor in 0.39 ms, found 1 plugins.
Preloading 0 native plugins for Editor in 0.00 ms.
Mono: successfully reloaded assembly
- Completed reload, in  0.785 seconds
Platform modules already initialized, skipping
Refreshing native plugins compatible for Editor in 0.32 ms, found 1 plugins.
Preloading 0 native plugins for Editor in 0.00 ms.
Unloading 1812 Unused Serialized files (Serialized files now loaded: 0)
System memory in use before: 88.8 MB.
System memory in use after: 88.9 MB.

Unloading 7 unused Assets to reduce memory usage. Loaded Objects now: 2306.
Total: 3.834900 ms (FindLiveObjects: 0.324300 ms CreateObjectMapping: 0.105000 ms MarkObjects: 3.384400 ms  DeleteObjects: 0.019600 ms)

========================================================================
Received Prepare
Registering precompiled user dll's ...
Registered in 0.001340 seconds.
Begin MonoManager ReloadAssembly
Native extension for WindowsStandalone target not found
Native extension for OSXStandalone target not found
Native extension for WebGL target not found
Refreshing native plugins compatible for Editor in 0.35 ms, found 1 plugins.
Preloading 0 native plugins for Editor in 0.00 ms.
Mono: successfully reloaded assembly
- Completed reload, in  0.777 seconds
Platform modules already initialized, skipping
Refreshing native plugins compatible for Editor in 0.39 ms, found 1 plugins.
Preloading 0 native plugins for Editor in 0.00 ms.
Unloading 1812 Unused Serialized files (Serialized files now loaded: 0)
System memory in use before: 88.9 MB.
System memory in use after: 89.0 MB.

Unloading 7 unused Assets to reduce memory usage. Loaded Objects now: 2310.
Total: 2.042500 ms (FindLiveObjects: 0.221100 ms CreateObjectMapping: 0.076600 ms MarkObjects: 1.729500 ms  DeleteObjects: 0.014000 ms)

========================================================================
Received Import Request.
  Time since last request: 110.563509 seconds.
  path: Assets/Space Shooter Assets/Artwork/shoot/shoot1.png
  artifactKey: Guid(12291d9aa888b41c58f66187eb386317) Importer(815301076,1909f56bfc062723c751e8b465ee728b)
Start importing Assets/Space Shooter Assets/Artwork/shoot/shoot1.png using Guid(12291d9aa888b41c58f66187eb386317) Importer(815301076,1909f56bfc062723c751e8b465ee728b)  -> (artifact id: 'e011f0b5a01c1225c19549135ca0153b') in 0.083300 seconds
  Import took 0.086048 seconds .

========================================================================
Received Import Request.
  Time since last request: 0.000135 seconds.
  path: Assets/Space Shooter Assets/Artwork/shoot/shoot2.png
  artifactKey: Guid(5ed891a8765a748118b877982d422583) Importer(815301076,1909f56bfc062723c751e8b465ee728b)
Start importing Assets/Space Shooter Assets/Artwork/shoot/shoot2.png using Guid(5ed891a8765a748118b877982d422583) Importer(815301076,1909f56bfc062723c751e8b465ee728b)  -> (artifact id: 'cb1d66870eacf2570e642dbe18e517a3') in 0.008978 seconds
  Import took 0.011836 seconds .

========================================================================
Received Import Request.
  Time since last request: 90.093619 seconds.
  path: Assets/Scripts
  artifactKey: Guid(e6d004b922bb4f740b0f30e149621ed1) Importer(815301076,1909f56bfc062723c751e8b465ee728b)
Start importing Assets/Scripts using Guid(e6d004b922bb4f740b0f30e149621ed1) Importer(815301076,1909f56bfc062723c751e8b465ee728b)  -> (artifact id: '89f3ad9bce826e522bfa4217a470f798') in 0.006920 seconds
  Import took 0.010393 seconds .

========================================================================
Received Import Request.
  Time since last request: 15.900940 seconds.
  path: Assets/Scripts/PlayerBullet2.cs
  artifactKey: Guid(99b11b5b77a2d744b92b750e20cebfe0) Importer(815301076,1909f56bfc062723c751e8b465ee728b)
Start importing Assets/Scripts/PlayerBullet2.cs using Guid(99b11b5b77a2d744b92b750e20cebfe0) Importer(815301076,1909f56bfc062723c751e8b465ee728b)  -> (artifact id: 'dba4087a4ce67f05999732b081d7aa9d') in 0.005276 seconds
  Import took 0.008249 seconds .

========================================================================
Received Prepare
Registering precompiled user dll's ...
Registered in 0.000926 seconds.
Begin MonoManager ReloadAssembly
Native extension for WindowsStandalone target not found
Native extension for OSXStandalone target not found
Native extension for WebGL target not found
Refreshing native plugins compatible for Editor in 0.35 ms, found 1 plugins.
Preloading 0 native plugins for Editor in 0.00 ms.
Mono: successfully reloaded assembly
- Completed reload, in  0.832 seconds
Platform modules already initialized, skipping
Refreshing native plugins compatible for Editor in 0.31 ms, found 1 plugins.
Preloading 0 native plugins for Editor in 0.00 ms.
Unloading 1813 Unused Serialized files (Serialized files now loaded: 0)
System memory in use before: 88.9 MB.
System memory in use after: 89.0 MB.

Unloading 7 unused Assets to reduce memory usage. Loaded Objects now: 2319.
Total: 1.805400 ms (FindLiveObjects: 0.173300 ms CreateObjectMapping: 0.060000 ms MarkObjects: 1.555700 ms  DeleteObjects: 0.015500 ms)

========================================================================
Received Prepare
Registering precompiled user dll's ...
Registered in 0.000775 seconds.
Begin MonoManager ReloadAssembly
Native extension for WindowsStandalone target not found
Native extension for OSXStandalone target not found
Native extension for WebGL target not found
Refreshing native plugins compatible for Editor in 0.32 ms, found 1 plugins.
Preloading 0 native plugins for Editor in 0.00 ms.
Mono: successfully reloaded assembly
- Completed reload, in  0.795 seconds
Platform modules already initialized, skipping
Refreshing native plugins compatible for Editor in 0.32 ms, found 1 plugins.
Preloading 0 native plugins for Editor in 0.00 ms.
Unloading 1813 Unused Serialized files (Serialized files now loaded: 0)
System memory in use before: 88.9 MB.
System memory in use after: 89.0 MB.

Unloading 7 unused Assets to reduce memory usage. Loaded Objects now: 2323.
Total: 1.979400 ms (FindLiveObjects: 0.218600 ms CreateObjectMapping: 0.080600 ms MarkObjects: 1.665000 ms  DeleteObjects: 0.014100 ms)

========================================================================
Received Import Request.
  Time since last request: 253.978903 seconds.
  path: Assets/Prefabs/shoot1.prefab
  artifactKey: Guid(29a710fbc2dce5148b37f36495c9380b) Importer(815301076,1909f56bfc062723c751e8b465ee728b)
Start importing Assets/Prefabs/shoot1.prefab using Guid(29a710fbc2dce5148b37f36495c9380b) Importer(815301076,1909f56bfc062723c751e8b465ee728b)  -> (artifact id: 'eafdd7a46ebc24c9d8d7631c20b924dc') in 0.054276 seconds
  Import took 0.057689 seconds .

========================================================================
Received Import Request.
  Time since last request: 0.008707 seconds.
  path: Assets/Prefabs/shoot1.prefab
  artifactKey: Guid(29a710fbc2dce5148b37f36495c9380b) Importer(815301076,1909f56bfc062723c751e8b465ee728b)
Start importing Assets/Prefabs/shoot1.prefab using Guid(29a710fbc2dce5148b37f36495c9380b) Importer(815301076,1909f56bfc062723c751e8b465ee728b)  -> (artifact id: 'eafdd7a46ebc24c9d8d7631c20b924dc') in 0.006975 seconds
  Import took 0.010216 seconds .

========================================================================
Received Prepare
Registering precompiled user dll's ...
Registered in 0.000792 seconds.
Begin MonoManager ReloadAssembly
Native extension for WindowsStandalone target not found
Native extension for OSXStandalone target not found
Native extension for WebGL target not found
Refreshing native plugins compatible for Editor in 0.34 ms, found 1 plugins.
Preloading 0 native plugins for Editor in 0.00 ms.
Mono: successfully reloaded assembly
- Completed reload, in  0.809 seconds
Platform modules already initialized, skipping
Refreshing native plugins compatible for Editor in 0.42 ms, found 1 plugins.
Preloading 0 native plugins for Editor in 0.00 ms.
Unloading 1813 Unused Serialized files (Serialized files now loaded: 0)
System memory in use before: 88.9 MB.
System memory in use after: 89.0 MB.

Unloading 7 unused Assets to reduce memory usage. Loaded Objects now: 2328.
Total: 2.396000 ms (FindLiveObjects: 0.487300 ms CreateObjectMapping: 0.213600 ms MarkObjects: 1.668800 ms  DeleteObjects: 0.025000 ms)

========================================================================
Received Prepare
Registering precompiled user dll's ...
Registered in 0.000833 seconds.
Begin MonoManager ReloadAssembly
Native extension for WindowsStandalone target not found
Native extension for OSXStandalone target not found
Native extension for WebGL target not found
Refreshing native plugins compatible for Editor in 0.40 ms, found 1 plugins.
Preloading 0 native plugins for Editor in 0.00 ms.
Mono: successfully reloaded assembly
- Completed reload, in  0.790 seconds
Platform modules already initialized, skipping
Refreshing native plugins compatible for Editor in 0.41 ms, found 1 plugins.
Preloading 0 native plugins for Editor in 0.00 ms.
Unloading 1813 Unused Serialized files (Serialized files now loaded: 0)
System memory in use before: 88.9 MB.
System memory in use after: 89.0 MB.

Unloading 7 unused Assets to reduce memory usage. Loaded Objects now: 2332.
Total: 1.731200 ms (FindLiveObjects: 0.236500 ms CreateObjectMapping: 0.063300 ms MarkObjects: 1.414300 ms  DeleteObjects: 0.015900 ms)

========================================================================
Received Import Request.
  Time since last request: 1172.926913 seconds.
  path: Assets/Space Shooter Assets/Artwork/asteroids/asteroid-small.png
  artifactKey: Guid(2aafde123c19b4d9eb19bfdeac5650f9) Importer(815301076,1909f56bfc062723c751e8b465ee728b)
Start importing Assets/Space Shooter Assets/Artwork/asteroids/asteroid-small.png using Guid(2aafde123c19b4d9eb19bfdeac5650f9) Importer(815301076,1909f56bfc062723c751e8b465ee728b)  -> (artifact id: '573b2f2b445392ee75d47bed429aa962') in 0.051169 seconds
  Import took 0.054180 seconds .

========================================================================
Received Import Request.
  Time since last request: 0.000209 seconds.
  path: Assets/Space Shooter Assets/Artwork/asteroids/asteroid.png
  artifactKey: Guid(085dc9b92d7064f24868ea4e8f8919a2) Importer(815301076,1909f56bfc062723c751e8b465ee728b)
Start importing Assets/Space Shooter Assets/Artwork/asteroids/asteroid.png using Guid(085dc9b92d7064f24868ea4e8f8919a2) Importer(815301076,1909f56bfc062723c751e8b465ee728b)  -> (artifact id: 'ff21f26bc9ec183a7629fd3067a7b6dd') in 0.009823 seconds
  Import took 0.012442 seconds .

========================================================================
Received Import Request.
  Time since last request: 136.136306 seconds.
  path: Assets/Scripts/Enemy2.cs
  artifactKey: Guid(0dbfd97b3fc5a804e92631adff07fd4d) Importer(815301076,1909f56bfc062723c751e8b465ee728b)
Start importing Assets/Scripts/Enemy2.cs using Guid(0dbfd97b3fc5a804e92631adff07fd4d) Importer(815301076,1909f56bfc062723c751e8b465ee728b)  -> (artifact id: '8d40bda51ee270988e09303a717637d6') in 0.005645 seconds
  Import took 0.008724 seconds .

========================================================================
Received Prepare
Registering precompiled user dll's ...
Registered in 0.000766 seconds.
Begin MonoManager ReloadAssembly
Native extension for WindowsStandalone target not found
Native extension for OSXStandalone target not found
Native extension for WebGL target not found
Refreshing native plugins compatible for Editor in 0.32 ms, found 1 plugins.
Preloading 0 native plugins for Editor in 0.00 ms.
Mono: successfully reloaded assembly
- Completed reload, in  0.842 seconds
Platform modules already initialized, skipping
Refreshing native plugins compatible for Editor in 0.32 ms, found 1 plugins.
Preloading 0 native plugins for Editor in 0.00 ms.
Unloading 1814 Unused Serialized files (Serialized files now loaded: 0)
System memory in use before: 88.9 MB.
System memory in use after: 89.1 MB.

Unloading 7 unused Assets to reduce memory usage. Loaded Objects now: 2342.
Total: 3.924100 ms (FindLiveObjects: 0.442400 ms CreateObjectMapping: 0.143300 ms MarkObjects: 3.313700 ms  DeleteObjects: 0.022300 ms)

========================================================================
Received Prepare
Registering precompiled user dll's ...
Registered in 0.000894 seconds.
Begin MonoManager ReloadAssembly
Native extension for WindowsStandalone target not found
Native extension for OSXStandalone target not found
Native extension for WebGL target not found
Refreshing native plugins compatible for Editor in 0.35 ms, found 1 plugins.
Preloading 0 native plugins for Editor in 0.00 ms.
Mono: successfully reloaded assembly
- Completed reload, in  0.810 seconds
Platform modules already initialized, skipping
Refreshing native plugins compatible for Editor in 0.32 ms, found 1 plugins.
Preloading 0 native plugins for Editor in 0.00 ms.
Unloading 1814 Unused Serialized files (Serialized files now loaded: 0)
System memory in use before: 88.9 MB.
System memory in use after: 89.1 MB.

Unloading 7 unused Assets to reduce memory usage. Loaded Objects now: 2346.
Total: 2.004900 ms (FindLiveObjects: 0.368300 ms CreateObjectMapping: 0.112900 ms MarkObjects: 1.502400 ms  DeleteObjects: 0.020200 ms)

========================================================================
Received Prepare
Registering precompiled user dll's ...
Registered in 0.000791 seconds.
Begin MonoManager ReloadAssembly
Native extension for WindowsStandalone target not found
Native extension for OSXStandalone target not found
Native extension for WebGL target not found
Refreshing native plugins compatible for Editor in 0.32 ms, found 1 plugins.
Preloading 0 native plugins for Editor in 0.00 ms.
Mono: successfully reloaded assembly
- Completed reload, in  0.788 seconds
Platform modules already initialized, skipping
Refreshing native plugins compatible for Editor in 0.37 ms, found 1 plugins.
Preloading 0 native plugins for Editor in 0.00 ms.
Unloading 1814 Unused Serialized files (Serialized files now loaded: 0)
System memory in use before: 89.0 MB.
System memory in use after: 89.1 MB.

Unloading 7 unused Assets to reduce memory usage. Loaded Objects now: 2350.
Total: 3.138400 ms (FindLiveObjects: 0.249000 ms CreateObjectMapping: 0.084900 ms MarkObjects: 2.777300 ms  DeleteObjects: 0.025900 ms)

========================================================================
Received Import Request.
  Time since last request: 465.132109 seconds.
  path: Assets/Scripts/EnemyBehavior.cs
  artifactKey: Guid(8c8cc0c1d370db3458dd97857ef9bd89) Importer(815301076,1909f56bfc062723c751e8b465ee728b)
Start importing Assets/Scripts/EnemyBehavior.cs using Guid(8c8cc0c1d370db3458dd97857ef9bd89) Importer(815301076,1909f56bfc062723c751e8b465ee728b)  -> (artifact id: '628630e981a36170a7e230c1bcf8d1da') in 0.009967 seconds
  Import took 0.012608 seconds .

========================================================================
Received Prepare
Registering precompiled user dll's ...
Registered in 0.000825 seconds.
Begin MonoManager ReloadAssembly
Native extension for WindowsStandalone target not found
Native extension for OSXStandalone target not found
Native extension for WebGL target not found
Refreshing native plugins compatible for Editor in 0.34 ms, found 1 plugins.
Preloading 0 native plugins for Editor in 0.00 ms.
Mono: successfully reloaded assembly
- Completed reload, in  0.769 seconds
Platform modules already initialized, skipping
Refreshing native plugins compatible for Editor in 0.47 ms, found 1 plugins.
Preloading 0 native plugins for Editor in 0.00 ms.
Unloading 1814 Unused Serialized files (Serialized files now loaded: 0)
System memory in use before: 89.0 MB.
System memory in use after: 89.1 MB.

Unloading 7 unused Assets to reduce memory usage. Loaded Objects now: 2354.
Total: 4.309500 ms (FindLiveObjects: 0.519200 ms CreateObjectMapping: 0.188300 ms MarkObjects: 3.520000 ms  DeleteObjects: 0.079300 ms)

========================================================================
Received Import Request.
  Time since last request: 87.460251 seconds.
  path: Assets/Prefabs/asteroid.prefab
  artifactKey: Guid(d778ef8959184b647badea33b0cf4c4e) Importer(815301076,1909f56bfc062723c751e8b465ee728b)
Start importing Assets/Prefabs/asteroid.prefab using Guid(d778ef8959184b647badea33b0cf4c4e) Importer(815301076,1909f56bfc062723c751e8b465ee728b)  -> (artifact id: '4ec88430a5ee4d30c5cb35e2f3745405') in 0.052854 seconds
  Import took 0.055761 seconds .

========================================================================
Received Import Request.
  Time since last request: 5.947442 seconds.
  path: Assets/Prefabs/asteroid.prefab
  artifactKey: Guid(d778ef8959184b647badea33b0cf4c4e) Importer(815301076,1909f56bfc062723c751e8b465ee728b)
Start importing Assets/Prefabs/asteroid.prefab using Guid(d778ef8959184b647badea33b0cf4c4e) Importer(815301076,1909f56bfc062723c751e8b465ee728b)  -> (artifact id: '50c962c84f4aaffd17719fdbf6654f77') in 0.007722 seconds
  Import took 0.010885 seconds .

========================================================================
Received Import Request.
  Time since last request: 5.084216 seconds.
  path: Assets/Prefabs/asteroid.prefab
  artifactKey: Guid(d778ef8959184b647badea33b0cf4c4e) Importer(815301076,1909f56bfc062723c751e8b465ee728b)
Start importing Assets/Prefabs/asteroid.prefab using Guid(d778ef8959184b647badea33b0cf4c4e) Importer(815301076,1909f56bfc062723c751e8b465ee728b)  -> (artifact id: '8b0347ba817c24555f001f9ef88af0f2') in 0.007310 seconds
  Import took 0.010738 seconds .

========================================================================
Received Import Request.
  Time since last request: 2.801053 seconds.
  path: Assets/Prefabs/asteroid.prefab
  artifactKey: Guid(d778ef8959184b647badea33b0cf4c4e) Importer(815301076,1909f56bfc062723c751e8b465ee728b)
Start importing Assets/Prefabs/asteroid.prefab using Guid(d778ef8959184b647badea33b0cf4c4e) Importer(815301076,1909f56bfc062723c751e8b465ee728b)  -> (artifact id: 'fa70398a3d5a3ebce679943997008997') in 0.007940 seconds
  Import took 0.011295 seconds .

========================================================================
Received Prepare
Registering precompiled user dll's ...
Registered in 0.000812 seconds.
Begin MonoManager ReloadAssembly
Native extension for WindowsStandalone target not found
Native extension for OSXStandalone target not found
Native extension for WebGL target not found
Refreshing native plugins compatible for Editor in 0.40 ms, found 1 plugins.
Preloading 0 native plugins for Editor in 0.00 ms.
Mono: successfully reloaded assembly
- Completed reload, in  0.782 seconds
Platform modules already initialized, skipping
Refreshing native plugins compatible for Editor in 0.35 ms, found 1 plugins.
Preloading 0 native plugins for Editor in 0.00 ms.
Unloading 1814 Unused Serialized files (Serialized files now loaded: 0)
System memory in use before: 89.0 MB.
System memory in use after: 89.1 MB.

Unloading 7 unused Assets to reduce memory usage. Loaded Objects now: 2359.
Total: 2.436100 ms (FindLiveObjects: 0.310900 ms CreateObjectMapping: 0.094500 ms MarkObjects: 2.010800 ms  DeleteObjects: 0.018300 ms)

========================================================================
Received Prepare
Registering precompiled user dll's ...
Registered in 0.000785 seconds.
Begin MonoManager ReloadAssembly
Native extension for WindowsStandalone target not found
Native extension for OSXStandalone target not found
Native extension for WebGL target not found
Refreshing native plugins compatible for Editor in 0.36 ms, found 1 plugins.
Preloading 0 native plugins for Editor in 0.00 ms.
Mono: successfully reloaded assembly
- Completed reload, in  0.785 seconds
Platform modules already initialized, skipping
Refreshing native plugins compatible for Editor in 0.33 ms, found 1 plugins.
Preloading 0 native plugins for Editor in 0.00 ms.
Unloading 1814 Unused Serialized files (Serialized files now loaded: 0)
System memory in use before: 89.0 MB.
System memory in use after: 89.1 MB.

Unloading 7 unused Assets to reduce memory usage. Loaded Objects now: 2363.
Total: 2.458400 ms (FindLiveObjects: 0.223800 ms CreateObjectMapping: 0.088900 ms MarkObjects: 2.123600 ms  DeleteObjects: 0.020900 ms)

========================================================================
Received Import Request.
  Time since last request: 70.002372 seconds.
  path: Assets/Prefabs/asteroid-small.prefab
  artifactKey: Guid(3477afb8aafd1324aab3e788df9f1cae) Importer(815301076,1909f56bfc062723c751e8b465ee728b)
Start importing Assets/Prefabs/asteroid-small.prefab using Guid(3477afb8aafd1324aab3e788df9f1cae) Importer(815301076,1909f56bfc062723c751e8b465ee728b)  -> (artifact id: 'c2d11072ea6e8bcf7ad3bfc5276b7bff') in 0.050841 seconds
  Import took 0.054006 seconds .

========================================================================
Received Import Request.
  Time since last request: 0.000166 seconds.
  path: Assets/Prefabs/asteroid.prefab
  artifactKey: Guid(d778ef8959184b647badea33b0cf4c4e) Importer(815301076,1909f56bfc062723c751e8b465ee728b)
Start importing Assets/Prefabs/asteroid.prefab using Guid(d778ef8959184b647badea33b0cf4c4e) Importer(815301076,1909f56bfc062723c751e8b465ee728b)  -> (artifact id: '40f985ac51ae73bdbc9debc7a1a91be3') in 0.006142 seconds
  Import took 0.008830 seconds .

========================================================================
Received Prepare
Registering precompiled user dll's ...
Registered in 0.000824 seconds.
Begin MonoManager ReloadAssembly
Native extension for WindowsStandalone target not found
Native extension for OSXStandalone target not found
Native extension for WebGL target not found
Refreshing native plugins compatible for Editor in 0.42 ms, found 1 plugins.
Preloading 0 native plugins for Editor in 0.00 ms.
Mono: successfully reloaded assembly
- Completed reload, in  0.796 seconds
Platform modules already initialized, skipping
Refreshing native plugins compatible for Editor in 0.72 ms, found 1 plugins.
Preloading 0 native plugins for Editor in 0.00 ms.
Unloading 1814 Unused Serialized files (Serialized files now loaded: 0)
System memory in use before: 89.0 MB.
System memory in use after: 89.1 MB.

Unloading 7 unused Assets to reduce memory usage. Loaded Objects now: 2368.
Total: 2.173400 ms (FindLiveObjects: 0.328000 ms CreateObjectMapping: 0.110000 ms MarkObjects: 1.718900 ms  DeleteObjects: 0.015400 ms)

========================================================================
Received Prepare
Registering precompiled user dll's ...
Registered in 0.000830 seconds.
Begin MonoManager ReloadAssembly
Native extension for WindowsStandalone target not found
Native extension for OSXStandalone target not found
Native extension for WebGL target not found
Refreshing native plugins compatible for Editor in 0.32 ms, found 1 plugins.
Preloading 0 native plugins for Editor in 0.00 ms.
Mono: successfully reloaded assembly
- Completed reload, in  0.751 seconds
Platform modules already initialized, skipping
Refreshing native plugins compatible for Editor in 0.34 ms, found 1 plugins.
Preloading 0 native plugins for Editor in 0.00 ms.
Unloading 1814 Unused Serialized files (Serialized files now loaded: 0)
System memory in use before: 89.0 MB.
System memory in use after: 89.1 MB.

Unloading 7 unused Assets to reduce memory usage. Loaded Objects now: 2372.
Total: 2.518000 ms (FindLiveObjects: 0.234800 ms CreateObjectMapping: 0.084300 ms MarkObjects: 2.179800 ms  DeleteObjects: 0.018000 ms)

========================================================================
Received Prepare
Registering precompiled user dll's ...
Registered in 0.000742 seconds.
Begin MonoManager ReloadAssembly
Native extension for WindowsStandalone target not found
Native extension for OSXStandalone target not found
Native extension for WebGL target not found
Refreshing native plugins compatible for Editor in 0.35 ms, found 1 plugins.
Preloading 0 native plugins for Editor in 0.00 ms.
Mono: successfully reloaded assembly
- Completed reload, in  0.727 seconds
Platform modules already initialized, skipping
Refreshing native plugins compatible for Editor in 0.32 ms, found 1 plugins.
Preloading 0 native plugins for Editor in 0.00 ms.
Unloading 1814 Unused Serialized files (Serialized files now loaded: 0)
System memory in use before: 89.0 MB.
System memory in use after: 89.1 MB.

Unloading 7 unused Assets to reduce memory usage. Loaded Objects now: 2376.
Total: 2.057200 ms (FindLiveObjects: 0.205800 ms CreateObjectMapping: 0.076300 ms MarkObjects: 1.654700 ms  DeleteObjects: 0.046200 ms)

AssetImportWorkerClient::OnTransportError - code=2 error=End of file
